<?xml version="1.0" encoding="UTF-8"?>
<testng-results ignored="13" total="14" passed="1" failed="0" skipped="0">
  <reporter-output>
  </reporter-output>
  <suite started-at="2024-06-03T19:16:59 IST" name="Default suite" finished-at="2024-06-03T19:17:01 IST" duration-ms="2299">
    <groups>
    </groups>
    <test started-at="2024-06-03T19:16:59 IST" name="Default test" finished-at="2024-06-03T19:17:01 IST" duration-ms="2299">
      <class name="Rest_Assured.dummy_api">
        <test-method signature="delete_product()[pri:0, instance:Rest_Assured.dummy_api@48fa0f47]" started-at="2024-06-03T19:16:59 IST" name="delete_product" finished-at="2024-06-03T19:17:01 IST" duration-ms="2244" status="PASS">
          <reporter-output>
          </reporter-output>
        </test-method> <!-- delete_product -->
      </class> <!-- Rest_Assured.dummy_api -->
    </test> <!-- Default test -->
  </suite> <!-- Default suite -->
</testng-results>
