<?xml version="1.0" encoding="UTF-8"?>
<!-- Generated by org.testng.reporters.JUnitXMLReporter -->
<testsuite ignored="13" hostname="MacBook-Pro.bbrouter" failures="0" tests="1" name="Default test" time="2.299" errors="0" timestamp="2024-06-03T19:17:01 IST">
  <testcase classname="Rest_Assured.dummy_api" name="delete_product" time="2.244"/>
  <testcase classname="Rest_Assured.dummy_api" name="getallorders" time="0.0">
    <ignored/>
  </testcase> <!-- getallorders -->
  <testcase classname="Rest_Assured.dummy_api" name="limitandskipproducts" time="0.0">
    <ignored/>
  </testcase> <!-- limitandskipproducts -->
  <testcase classname="Rest_Assured.dummy_api" name="Login_gettoken" time="0.0">
    <ignored/>
  </testcase> <!-- Login_gettoken -->
  <testcase classname="Rest_Assured.dummy_api" name="searchproducts" time="0.0">
    <ignored/>
  </testcase> <!-- searchproducts -->
  <testcase classname="Rest_Assured.dummy_api" name="refreshtoken" time="0.0">
    <ignored/>
  </testcase> <!-- refreshtoken -->
  <testcase classname="Rest_Assured.dummy_api" name="add_a_product" time="0.0">
    <ignored/>
  </testcase> <!-- add_a_product -->
  <testcase classname="Rest_Assured.dummy_api" name="getauthenticateduser" time="0.0">
    <ignored/>
  </testcase> <!-- getauthenticateduser -->
  <testcase classname="Rest_Assured.dummy_api" name="getproductscategorylist" time="0.0">
    <ignored/>
  </testcase> <!-- getproductscategorylist -->
  <testcase classname="Rest_Assured.dummy_api" name="update_product" time="0.0">
    <ignored/>
  </testcase> <!-- update_product -->
  <testcase classname="Rest_Assured.dummy_api" name="getasingleproduct" time="0.0">
    <ignored/>
  </testcase> <!-- getasingleproduct -->
  <testcase classname="Rest_Assured.dummy_api" name="sortproducts" time="0.0">
    <ignored/>
  </testcase> <!-- sortproducts -->
  <testcase classname="Rest_Assured.dummy_api" name="getproductsbyacategory" time="0.0">
    <ignored/>
  </testcase> <!-- getproductsbyacategory -->
  <testcase classname="Rest_Assured.dummy_api" name="getallproductcategories" time="0.0">
    <ignored/>
  </testcase> <!-- getallproductcategories -->
</testsuite> <!-- Default test -->
